<?xml version="1.0" encoding="UTF-8"?>
<testsuite xmlns:xsi="http://www.w3.org/2001/XMLSchema-instance" xsi:noNamespaceSchemaLocation="https://maven.apache.org/surefire/maven-surefire-plugin/xsd/surefire-test-report.xsd" name="org.example.AppTest" time="0.103" tests="1" errors="0" skipped="0" failures="0">
  <properties>
    <property name="sun.desktop" value="gnome"/>
    <property name="awt.toolkit" value="sun.awt.X11.XToolkit"/>
    <property name="file.encoding.pkg" value="sun.io"/>
    <property name="java.specification.version" value="1.8"/>
    <property name="sun.cpu.isalist" value=""/>
    <property name="sun.jnu.encoding" value="UTF-8"/>
    <property name="java.class.path" value="/home/nits-077/Desktop/gopi/smtpmailserviceproject/target/test-classes:/home/nits-077/Desktop/gopi/smtpmailserviceproject/target/classes:/home/nits-077/.m2/repository/junit/junit/4.11/junit-4.11.jar:/home/nits-077/.m2/repository/org/hamcrest/hamcrest-core/1.3/hamcrest-core-1.3.jar:/home/nits-077/.m2/repository/com/amazonaws/aws-lambda-java-core/1.2.0/aws-lambda-java-core-1.2.0.jar:/home/nits-077/.m2/repository/com/amazonaws/aws-lambda-java-events/3.10.0/aws-lambda-java-events-3.10.0.jar:/home/nits-077/.m2/repository/joda-time/joda-time/2.6/joda-time-2.6.jar:/home/nits-077/.m2/repository/org/projectlombok/lombok/1.18.24/lombok-1.18.24.jar:/home/nits-077/.m2/repository/org/sisioh/aws4s-sqs_2.11/1.0.16/aws4s-sqs_2.11-1.0.16.jar:/home/nits-077/.m2/repository/org/scala-lang/scala-library/2.11.6/scala-library-2.11.6.jar:/home/nits-077/.m2/repository/org/sisioh/aws4s-core_2.11/1.0.16/aws4s-core_2.11-1.0.16.jar:/home/nits-077/.m2/repository/com/amazonaws/aws-java-sdk-core/1.11.106/aws-java-sdk-core-1.11.106.jar:/home/nits-077/.m2/repository/commons-logging/commons-logging/1.1.3/commons-logging-1.1.3.jar:/home/nits-077/.m2/repository/org/apache/httpcomponents/httpclient/4.5.2/httpclient-4.5.2.jar:/home/nits-077/.m2/repository/org/apache/httpcomponents/httpcore/4.4.4/httpcore-4.4.4.jar:/home/nits-077/.m2/repository/commons-codec/commons-codec/1.9/commons-codec-1.9.jar:/home/nits-077/.m2/repository/software/amazon/ion/ion-java/1.0.2/ion-java-1.0.2.jar:/home/nits-077/.m2/repository/com/fasterxml/jackson/core/jackson-databind/2.6.6/jackson-databind-2.6.6.jar:/home/nits-077/.m2/repository/com/fasterxml/jackson/core/jackson-annotations/2.6.0/jackson-annotations-2.6.0.jar:/home/nits-077/.m2/repository/com/fasterxml/jackson/core/jackson-core/2.6.6/jackson-core-2.6.6.jar:/home/nits-077/.m2/repository/com/fasterxml/jackson/dataformat/jackson-dataformat-cbor/2.6.6/jackson-dataformat-cbor-2.6.6.jar:/home/nits-077/.m2/repository/com/amazonaws/aws-java-sdk-sqs/1.11.106/aws-java-sdk-sqs-1.11.106.jar:/home/nits-077/.m2/repository/com/amazonaws/jmespath-java/1.11.106/jmespath-java-1.11.106.jar:"/>
    <property name="java.vm.vendor" value="Oracle Corporation"/>
    <property name="sun.arch.data.model" value="64"/>
    <property name="java.vendor.url" value="http://java.oracle.com/"/>
    <property name="user.timezone" value=""/>
    <property name="java.vm.specification.version" value="1.8"/>
    <property name="os.name" value="Linux"/>
    <property name="user.country" value="IN"/>
    <property name="sun.java.launcher" value="SUN_STANDARD"/>
    <property name="sun.boot.library.path" value="/usr/lib/jvm/oracle_jdk8/jre/lib/amd64"/>
    <property name="sun.java.command" value="/home/nits-077/Desktop/gopi/smtpmailserviceproject/target/surefire/surefirebooter3787615137994152107.jar /home/nits-077/Desktop/gopi/smtpmailserviceproject/target/surefire 2022-06-21T16-13-21_034-jvmRun1 surefire5682144580096367055tmp surefire_0925564686823697137tmp"/>
    <property name="surefire.test.class.path" value="/home/nits-077/Desktop/gopi/smtpmailserviceproject/target/test-classes:/home/nits-077/Desktop/gopi/smtpmailserviceproject/target/classes:/home/nits-077/.m2/repository/junit/junit/4.11/junit-4.11.jar:/home/nits-077/.m2/repository/org/hamcrest/hamcrest-core/1.3/hamcrest-core-1.3.jar:/home/nits-077/.m2/repository/com/amazonaws/aws-lambda-java-core/1.2.0/aws-lambda-java-core-1.2.0.jar:/home/nits-077/.m2/repository/com/amazonaws/aws-lambda-java-events/3.10.0/aws-lambda-java-events-3.10.0.jar:/home/nits-077/.m2/repository/joda-time/joda-time/2.6/joda-time-2.6.jar:/home/nits-077/.m2/repository/org/projectlombok/lombok/1.18.24/lombok-1.18.24.jar:/home/nits-077/.m2/repository/org/sisioh/aws4s-sqs_2.11/1.0.16/aws4s-sqs_2.11-1.0.16.jar:/home/nits-077/.m2/repository/org/scala-lang/scala-library/2.11.6/scala-library-2.11.6.jar:/home/nits-077/.m2/repository/org/sisioh/aws4s-core_2.11/1.0.16/aws4s-core_2.11-1.0.16.jar:/home/nits-077/.m2/repository/com/amazonaws/aws-java-sdk-core/1.11.106/aws-java-sdk-core-1.11.106.jar:/home/nits-077/.m2/repository/commons-logging/commons-logging/1.1.3/commons-logging-1.1.3.jar:/home/nits-077/.m2/repository/org/apache/httpcomponents/httpclient/4.5.2/httpclient-4.5.2.jar:/home/nits-077/.m2/repository/org/apache/httpcomponents/httpcore/4.4.4/httpcore-4.4.4.jar:/home/nits-077/.m2/repository/commons-codec/commons-codec/1.9/commons-codec-1.9.jar:/home/nits-077/.m2/repository/software/amazon/ion/ion-java/1.0.2/ion-java-1.0.2.jar:/home/nits-077/.m2/repository/com/fasterxml/jackson/core/jackson-databind/2.6.6/jackson-databind-2.6.6.jar:/home/nits-077/.m2/repository/com/fasterxml/jackson/core/jackson-annotations/2.6.0/jackson-annotations-2.6.0.jar:/home/nits-077/.m2/repository/com/fasterxml/jackson/core/jackson-core/2.6.6/jackson-core-2.6.6.jar:/home/nits-077/.m2/repository/com/fasterxml/jackson/dataformat/jackson-dataformat-cbor/2.6.6/jackson-dataformat-cbor-2.6.6.jar:/home/nits-077/.m2/repository/com/amazonaws/aws-java-sdk-sqs/1.11.106/aws-java-sdk-sqs-1.11.106.jar:/home/nits-077/.m2/repository/com/amazonaws/jmespath-java/1.11.106/jmespath-java-1.11.106.jar:"/>
    <property name="sun.cpu.endian" value="little"/>
    <property name="user.home" value="/home/nits-077"/>
    <property name="user.language" value="en"/>
    <property name="java.specification.vendor" value="Oracle Corporation"/>
    <property name="java.home" value="/usr/lib/jvm/oracle_jdk8/jre"/>
    <property name="basedir" value="/home/nits-077/Desktop/gopi/smtpmailserviceproject"/>
    <property name="file.separator" value="/"/>
    <property name="line.separator" value="&#10;"/>
    <property name="java.vm.specification.vendor" value="Oracle Corporation"/>
    <property name="java.specification.name" value="Java Platform API Specification"/>
    <property name="java.awt.graphicsenv" value="sun.awt.X11GraphicsEnvironment"/>
    <property name="surefire.real.class.path" value="/home/nits-077/Desktop/gopi/smtpmailserviceproject/target/surefire/surefirebooter3787615137994152107.jar"/>
    <property name="sun.boot.class.path" value="/usr/lib/jvm/oracle_jdk8/jre/lib/resources.jar:/usr/lib/jvm/oracle_jdk8/jre/lib/rt.jar:/usr/lib/jvm/oracle_jdk8/jre/lib/sunrsasign.jar:/usr/lib/jvm/oracle_jdk8/jre/lib/jsse.jar:/usr/lib/jvm/oracle_jdk8/jre/lib/jce.jar:/usr/lib/jvm/oracle_jdk8/jre/lib/charsets.jar:/usr/lib/jvm/oracle_jdk8/jre/lib/jfr.jar:/usr/lib/jvm/oracle_jdk8/jre/classes"/>
    <property name="sun.management.compiler" value="HotSpot 64-Bit Tiered Compilers"/>
    <property name="java.runtime.version" value="1.8.0_151-b12"/>
    <property name="user.name" value="nits-077"/>
    <property name="path.separator" value=":"/>
    <property name="os.version" value="4.15.0-187-generic"/>
    <property name="java.endorsed.dirs" value="/usr/lib/jvm/oracle_jdk8/jre/lib/endorsed"/>
    <property name="java.runtime.name" value="Java(TM) SE Runtime Environment"/>
    <property name="file.encoding" value="UTF-8"/>
    <property name="java.vm.name" value="Java HotSpot(TM) 64-Bit Server VM"/>
    <property name="localRepository" value="/home/nits-077/.m2/repository"/>
    <property name="java.vendor.url.bug" value="http://bugreport.sun.com/bugreport/"/>
    <property name="java.io.tmpdir" value="/tmp"/>
    <property name="java.version" value="1.8.0_151"/>
    <property name="user.dir" value="/home/nits-077/Desktop/gopi/smtpmailserviceproject"/>
    <property name="os.arch" value="amd64"/>
    <property name="java.vm.specification.name" value="Java Virtual Machine Specification"/>
    <property name="java.awt.printerjob" value="sun.print.PSPrinterJob"/>
    <property name="sun.os.patch.level" value="unknown"/>
    <property name="java.library.path" value="/usr/java/packages/lib/amd64:/usr/lib64:/lib64:/lib:/usr/lib"/>
    <property name="java.vm.info" value="mixed mode"/>
    <property name="java.vendor" value="Oracle Corporation"/>
    <property name="java.vm.version" value="25.151-b12"/>
    <property name="java.ext.dirs" value="/usr/lib/jvm/oracle_jdk8/jre/lib/ext:/usr/java/packages/lib/ext"/>
    <property name="sun.io.unicode.encoding" value="UnicodeLittle"/>
    <property name="java.class.version" value="52.0"/>
  </properties>
  <testcase name="shouldAnswerWithTrue" classname="org.example.AppTest" time="0.002"/>
</testsuite>